<?xml version="1.0" encoding="UTF-8"?>
<testng-results ignored="0" total="1" passed="1" failed="0" skipped="0">
  <reporter-output>
  </reporter-output>
  <suite started-at="2020-10-31T00:18:59 ICT" name="Default suite" finished-at="2020-10-31T00:19:30 ICT" duration-ms="30548">
    <groups>
    </groups>
    <test started-at="2020-10-31T00:18:59 ICT" name="Default test" finished-at="2020-10-31T00:19:30 ICT" duration-ms="30548">
      <class name="Test.Search">
        <test-method is-config="true" signature="setUp()[pri:0, instance:Test.Search@2a266d09]" started-at="2020-10-31T00:18:59 ICT" name="setUp" finished-at="2020-10-31T00:19:10 ICT" duration-ms="11095" status="PASS">
          <reporter-output>
          </reporter-output>
        </test-method> <!-- setUp -->
        <test-method signature="search()[pri:0, instance:Test.Search@2a266d09]" started-at="2020-10-31T00:19:10 ICT" name="search" finished-at="2020-10-31T00:19:30 ICT" duration-ms="19422" status="PASS">
          <reporter-output>
          </reporter-output>
        </test-method> <!-- search -->
      </class> <!-- Test.Search -->
    </test> <!-- Default test -->
  </suite> <!-- Default suite -->
</testng-results>
